<?xml version="1.0" encoding="UTF-8"?>
<!-- Generated by org.testng.reporters.JUnitReportReporter -->
<testsuite hostname="Pallavi-Sadhus-MacBook-Air.local" failures="0" tests="1" name="GitJava.JavaAssignment.HelloUpper" time="0.020" errors="0" timestamp="2022-12-03T10:57:23 CST" skipped="0">
  <testcase classname="GitJava.JavaAssignment.HelloUpper" name="testCase1" time="0.020"/>
  <system-out/>
</testsuite> <!-- GitJava.JavaAssignment.HelloUpper -->
